http: incoming-request {"content_length":"3798","method":"GET","response_time":588.85,"status":200,"timestamp":"2022-12-15T09:19:03.125Z","url":"/api/v1/products"}
info: Attempting to get all stores {"timestamp":"2022-12-15T09:19:14.542Z"}
info: Success: Products found {"timestamp":"2022-12-15T09:19:15.056Z"}
http: incoming-request {"content_length":"4158","method":"GET","response_time":514.555,"status":200,"timestamp":"2022-12-15T09:19:15.057Z","url":"/api/v1/stores"}
info: Attempting to get all stores {"timestamp":"2022-12-15T09:20:20.530Z"}
info: Success: Stores successfully found {"timestamp":"2022-12-15T09:20:20.855Z"}
http: incoming-request {"content_length":"4158","method":"GET","response_time":328.098,"status":200,"timestamp":"2022-12-15T09:20:20.859Z","url":"/api/v1/stores"}
info: Attempting to get all stores {"timestamp":"2022-12-15T09:23:20.562Z"}
info: Success: Stores successfully found {"timestamp":"2022-12-15T09:23:20.693Z"}
http: incoming-request {"content_length":"4158","method":"GET","response_time":135.442,"status":200,"timestamp":"2022-12-15T09:23:20.700Z","url":"/api/v1/stores"}
info: Attempting to get all stores {"timestamp":"2022-12-15T09:24:03.778Z"}
info: Success: Stores successfully found {"timestamp":"2022-12-15T09:24:03.909Z"}
http: incoming-request {"content_length":"4158","method":"GET","response_time":132.749,"status":200,"timestamp":"2022-12-15T09:24:03.914Z","url":"/api/v1/stores"}
info: Attempting to get all stores {"timestamp":"2022-12-15T09:24:25.748Z"}
info: Success: Stores successfully found {"timestamp":"2022-12-15T09:24:25.882Z"}
http: incoming-request {"content_length":"4158","method":"GET","response_time":137.318,"status":200,"timestamp":"2022-12-15T09:24:25.887Z","url":"/api/v1/stores"}
http: incoming-request {"content_length":331,"method":"POST","response_time":111.965,"status":500,"timestamp":"2022-12-15T11:38:46.757Z","url":"/api/v1/users/login"}
http: incoming-request {"content_length":331,"method":"POST","response_time":466.786,"status":500,"timestamp":"2022-12-15T11:39:02.625Z","url":"/api/v1/users/login"}
http: incoming-request {"content_length":247,"method":"POST","response_time":146.994,"status":500,"timestamp":"2022-12-15T11:40:26.920Z","url":"/api/v1/users/login"}
http: incoming-request {"content_length":"495","method":"POST","response_time":323.957,"status":200,"timestamp":"2022-12-15T11:47:54.563Z","url":"/api/v1/users/register"}
http: incoming-request {"content_length":"253","method":"POST","response_time":354.375,"status":200,"timestamp":"2022-12-15T11:48:24.730Z","url":"/api/v1/users/login"}
http: incoming-request {"content_length":"503","method":"POST","response_time":240.428,"status":200,"timestamp":"2022-12-15T11:49:41.058Z","url":"/api/v1/users/register"}
http: incoming-request {"content_length":"257","method":"POST","response_time":327.208,"status":200,"timestamp":"2022-12-15T11:50:02.391Z","url":"/api/v1/users/login"}
http: incoming-request {"content_length":"258","method":"POST","response_time":415.817,"status":200,"timestamp":"2022-12-15T12:06:23.797Z","url":"/api/v1/users/login"}
http: incoming-request {"content_length":"1924","method":"GET","response_time":226.979,"status":200,"timestamp":"2022-12-15T12:06:44.392Z","url":"/api/v1/users/"}
http: incoming-request {"content_length":"23","method":"GET","response_time":232.982,"status":200,"timestamp":"2022-12-15T20:22:51.021Z","url":"/api/v1/categories"}
http: incoming-request {"content_length":"344","method":"POST","response_time":169.354,"status":201,"timestamp":"2022-12-15T20:27:00.864Z","url":"/api/v1/categories"}
http: incoming-request {"content_length":1453,"method":"POST","response_time":46.495,"status":500,"timestamp":"2022-12-15T20:27:51.940Z","url":"/api/v1/categories"}
http: incoming-request {"content_length":"344","method":"POST","response_time":91.358,"status":201,"timestamp":"2022-12-15T20:28:16.111Z","url":"/api/v1/categories"}
http: incoming-request {"content_length":"124","method":"GET","response_time":135.493,"status":200,"timestamp":"2022-12-15T20:28:19.826Z","url":"/api/v1/categories"}
http: incoming-request {"content_length":"390","method":"GET","response_time":116.386,"status":200,"timestamp":"2022-12-15T20:29:03.465Z","url":"/api/v1/categories"}
http: incoming-request {"content_length":"344","method":"POST","response_time":128.166,"status":201,"timestamp":"2022-12-15T20:29:51.166Z","url":"/api/v1/categories"}
http: incoming-request {"content_length":"736","method":"GET","response_time":123.636,"status":200,"timestamp":"2022-12-15T20:31:29.986Z","url":"/api/v1/categories"}
http: incoming-request {"content_length":1577,"method":"GET","response_time":9.759,"status":500,"timestamp":"2022-12-15T20:32:21.543Z","url":"/api/v1/categories/639b831412dcac3f5ccdd00a"}
http: incoming-request {"content_length":1577,"method":"GET","response_time":3.974,"status":500,"timestamp":"2022-12-15T20:32:28.498Z","url":"/api/v1/categories/639b831412dcac3f5ccdd00a"}
http: incoming-request {"content_length":"736","method":"GET","response_time":109.444,"status":200,"timestamp":"2022-12-15T20:34:19.995Z","url":"/api/v1/categories/"}
http: incoming-request {"content_length":1577,"method":"GET","response_time":8.003,"status":500,"timestamp":"2022-12-15T20:34:25.819Z","url":"/api/v1/categories/639b831412dcac3f5ccdd00a"}
http: incoming-request {"content_length":"344","method":"GET","response_time":110.123,"status":200,"timestamp":"2022-12-15T20:38:47.371Z","url":"/api/v1/categories/639b831412dcac3f5ccdd00a"}
http: incoming-request {"content_length":"344","method":"GET","response_time":89.499,"status":200,"timestamp":"2022-12-15T20:39:20.505Z","url":"/api/v1/categories/639b83bf108fc936e49731a5"}
http: incoming-request {"content_length":"360","method":"PUT","response_time":119.408,"status":200,"timestamp":"2022-12-15T20:40:27.675Z","url":"/api/v1/categories/639b83bf108fc936e49731a5"}
http: incoming-request {"content_length":184,"method":"DELETE","response_time":4.736,"status":404,"timestamp":"2022-12-15T20:40:56.721Z","url":"/api/v1/categories/639b83bf108fc936e49731a5"}
http: incoming-request {"content_length":"52","method":"DELETE","response_time":111.624,"status":200,"timestamp":"2022-12-15T20:41:15.515Z","url":"/api/v1/categories/639b83bf108fc936e49731a5"}
