http: incoming-request {"content_length":180,"method":"GET","response_time":340.691,"status":404,"timestamp":"2022-12-21T06:13:38.045Z","url":"/__/firebase/9.15.0/firebase-app-compat.js"}
http: incoming-request {"content_length":181,"method":"GET","response_time":0.717,"status":404,"timestamp":"2022-12-21T06:13:39.354Z","url":"/__/firebase/9.15.0/firebase-auth-compat.js"}
http: incoming-request {"content_length":185,"method":"GET","response_time":0.736,"status":404,"timestamp":"2022-12-21T06:13:39.450Z","url":"/__/firebase/9.15.0/firebase-database-compat.js"}
http: incoming-request {"content_length":186,"method":"GET","response_time":0.445,"status":404,"timestamp":"2022-12-21T06:13:39.543Z","url":"/__/firebase/9.15.0/firebase-firestore-compat.js"}
http: incoming-request {"content_length":186,"method":"GET","response_time":0.652,"status":404,"timestamp":"2022-12-21T06:13:39.710Z","url":"/__/firebase/9.15.0/firebase-functions-compat.js"}
http: incoming-request {"content_length":186,"method":"GET","response_time":45.323,"status":404,"timestamp":"2022-12-21T06:13:39.847Z","url":"/__/firebase/9.15.0/firebase-messaging-compat.js"}
http: incoming-request {"content_length":184,"method":"GET","response_time":0.408,"status":404,"timestamp":"2022-12-21T06:13:40.143Z","url":"/__/firebase/9.15.0/firebase-storage-compat.js"}
http: incoming-request {"content_length":186,"method":"GET","response_time":1.24,"status":404,"timestamp":"2022-12-21T06:13:40.365Z","url":"/__/firebase/9.15.0/firebase-analytics-compat.js"}
http: incoming-request {"content_length":190,"method":"GET","response_time":1.055,"status":404,"timestamp":"2022-12-21T06:13:40.548Z","url":"/__/firebase/9.15.0/firebase-remote-config-compat.js"}
http: incoming-request {"content_length":188,"method":"GET","response_time":0.54,"status":404,"timestamp":"2022-12-21T06:13:40.823Z","url":"/__/firebase/9.15.0/firebase-performance-compat.js"}
http: incoming-request {"content_length":158,"method":"GET","response_time":0.489,"status":404,"timestamp":"2022-12-21T06:13:41.144Z","url":"/__/firebase/init.js?useEmulator=true"}
http: incoming-request {"content_length":180,"method":"GET","response_time":0.525,"status":404,"timestamp":"2022-12-21T06:14:11.079Z","url":"/__/firebase/9.15.0/firebase-app-compat.js"}
http: incoming-request {"content_length":181,"method":"GET","response_time":0.996,"status":404,"timestamp":"2022-12-21T06:14:11.516Z","url":"/__/firebase/9.15.0/firebase-auth-compat.js"}
http: incoming-request {"content_length":185,"method":"GET","response_time":1.942,"status":404,"timestamp":"2022-12-21T06:14:11.521Z","url":"/__/firebase/9.15.0/firebase-database-compat.js"}
http: incoming-request {"content_length":186,"method":"GET","response_time":0.687,"status":404,"timestamp":"2022-12-21T06:14:11.880Z","url":"/__/firebase/9.15.0/firebase-firestore-compat.js"}
http: incoming-request {"content_length":186,"method":"GET","response_time":0.633,"status":404,"timestamp":"2022-12-21T06:14:11.898Z","url":"/__/firebase/9.15.0/firebase-functions-compat.js"}
http: incoming-request {"content_length":186,"method":"GET","response_time":1.019,"status":404,"timestamp":"2022-12-21T06:14:11.903Z","url":"/__/firebase/9.15.0/firebase-messaging-compat.js"}
http: incoming-request {"content_length":184,"method":"GET","response_time":0.404,"status":404,"timestamp":"2022-12-21T06:14:12.145Z","url":"/__/firebase/9.15.0/firebase-storage-compat.js"}
http: incoming-request {"content_length":188,"method":"GET","response_time":0.456,"status":404,"timestamp":"2022-12-21T06:14:12.262Z","url":"/__/firebase/9.15.0/firebase-performance-compat.js"}
http: incoming-request {"content_length":186,"method":"GET","response_time":0.455,"status":404,"timestamp":"2022-12-21T06:14:12.264Z","url":"/__/firebase/9.15.0/firebase-analytics-compat.js"}
http: incoming-request {"content_length":190,"method":"GET","response_time":0.377,"status":404,"timestamp":"2022-12-21T06:14:12.266Z","url":"/__/firebase/9.15.0/firebase-remote-config-compat.js"}
http: incoming-request {"content_length":158,"method":"GET","response_time":0.378,"status":404,"timestamp":"2022-12-21T06:14:12.470Z","url":"/__/firebase/init.js?useEmulator=true"}
http: incoming-request {"content_length":180,"method":"GET","response_time":0.643,"status":404,"timestamp":"2022-12-21T06:14:22.105Z","url":"/__/firebase/9.15.0/firebase-app-compat.js"}
http: incoming-request {"content_length":181,"method":"GET","response_time":0.518,"status":404,"timestamp":"2022-12-21T06:14:22.449Z","url":"/__/firebase/9.15.0/firebase-auth-compat.js"}
http: incoming-request {"content_length":185,"method":"GET","response_time":0.372,"status":404,"timestamp":"2022-12-21T06:14:22.714Z","url":"/__/firebase/9.15.0/firebase-database-compat.js"}
http: incoming-request {"content_length":186,"method":"GET","response_time":0.611,"status":404,"timestamp":"2022-12-21T06:14:22.793Z","url":"/__/firebase/9.15.0/firebase-firestore-compat.js"}
http: incoming-request {"content_length":186,"method":"GET","response_time":0.628,"status":404,"timestamp":"2022-12-21T06:14:22.796Z","url":"/__/firebase/9.15.0/firebase-functions-compat.js"}
http: incoming-request {"content_length":186,"method":"GET","response_time":0.429,"status":404,"timestamp":"2022-12-21T06:14:23.041Z","url":"/__/firebase/9.15.0/firebase-messaging-compat.js"}
http: incoming-request {"content_length":186,"method":"GET","response_time":0.657,"status":404,"timestamp":"2022-12-21T06:14:23.161Z","url":"/__/firebase/9.15.0/firebase-analytics-compat.js"}
http: incoming-request {"content_length":184,"method":"GET","response_time":0.74,"status":404,"timestamp":"2022-12-21T06:14:23.164Z","url":"/__/firebase/9.15.0/firebase-storage-compat.js"}
http: incoming-request {"content_length":190,"method":"GET","response_time":0.401,"status":404,"timestamp":"2022-12-21T06:14:23.375Z","url":"/__/firebase/9.15.0/firebase-remote-config-compat.js"}
http: incoming-request {"content_length":188,"method":"GET","response_time":0.713,"status":404,"timestamp":"2022-12-21T06:14:23.509Z","url":"/__/firebase/9.15.0/firebase-performance-compat.js"}
http: incoming-request {"content_length":158,"method":"GET","response_time":0.383,"status":404,"timestamp":"2022-12-21T06:14:23.511Z","url":"/__/firebase/init.js?useEmulator=true"}
http: incoming-request {"content_length":180,"method":"GET","response_time":8.622,"status":404,"timestamp":"2022-12-21T06:14:54.619Z","url":"/__/firebase/9.15.0/firebase-app-compat.js"}
http: incoming-request {"content_length":181,"method":"GET","response_time":0.374,"status":404,"timestamp":"2022-12-21T06:14:55.034Z","url":"/__/firebase/9.15.0/firebase-auth-compat.js"}
http: incoming-request {"content_length":186,"method":"GET","response_time":0.802,"status":404,"timestamp":"2022-12-21T06:14:55.407Z","url":"/__/firebase/9.15.0/firebase-firestore-compat.js"}
http: incoming-request {"content_length":185,"method":"GET","response_time":0.607,"status":404,"timestamp":"2022-12-21T06:14:55.410Z","url":"/__/firebase/9.15.0/firebase-database-compat.js"}
http: incoming-request {"content_length":186,"method":"GET","response_time":0.63,"status":404,"timestamp":"2022-12-21T06:14:55.444Z","url":"/__/firebase/9.15.0/firebase-functions-compat.js"}
http: incoming-request {"content_length":186,"method":"GET","response_time":0.628,"status":404,"timestamp":"2022-12-21T06:14:55.667Z","url":"/__/firebase/9.15.0/firebase-messaging-compat.js"}
http: incoming-request {"content_length":184,"method":"GET","response_time":0.434,"status":404,"timestamp":"2022-12-21T06:14:55.782Z","url":"/__/firebase/9.15.0/firebase-storage-compat.js"}
http: incoming-request {"content_length":186,"method":"GET","response_time":0.802,"status":404,"timestamp":"2022-12-21T06:14:55.785Z","url":"/__/firebase/9.15.0/firebase-analytics-compat.js"}
http: incoming-request {"content_length":190,"method":"GET","response_time":0.38,"status":404,"timestamp":"2022-12-21T06:14:55.786Z","url":"/__/firebase/9.15.0/firebase-remote-config-compat.js"}
http: incoming-request {"content_length":188,"method":"GET","response_time":0.398,"status":404,"timestamp":"2022-12-21T06:14:56.012Z","url":"/__/firebase/9.15.0/firebase-performance-compat.js"}
http: incoming-request {"content_length":158,"method":"GET","response_time":0.414,"status":404,"timestamp":"2022-12-21T06:14:56.196Z","url":"/__/firebase/init.js?useEmulator=true"}
http: incoming-request {"content_length":180,"method":"GET","response_time":0.759,"status":404,"timestamp":"2022-12-21T06:15:15.943Z","url":"/__/firebase/9.15.0/firebase-app-compat.js"}
http: incoming-request {"content_length":181,"method":"GET","response_time":0.394,"status":404,"timestamp":"2022-12-21T06:15:16.283Z","url":"/__/firebase/9.15.0/firebase-auth-compat.js"}
http: incoming-request {"content_length":185,"method":"GET","response_time":0.561,"status":404,"timestamp":"2022-12-21T06:15:16.604Z","url":"/__/firebase/9.15.0/firebase-database-compat.js"}
http: incoming-request {"content_length":186,"method":"GET","response_time":0.569,"status":404,"timestamp":"2022-12-21T06:15:16.606Z","url":"/__/firebase/9.15.0/firebase-firestore-compat.js"}
http: incoming-request {"content_length":186,"method":"GET","response_time":0.659,"status":404,"timestamp":"2022-12-21T06:15:16.624Z","url":"/__/firebase/9.15.0/firebase-functions-compat.js"}
http: incoming-request {"content_length":186,"method":"GET","response_time":0.409,"status":404,"timestamp":"2022-12-21T06:15:16.982Z","url":"/__/firebase/9.15.0/firebase-messaging-compat.js"}
http: incoming-request {"content_length":184,"method":"GET","response_time":0.563,"status":404,"timestamp":"2022-12-21T06:15:16.990Z","url":"/__/firebase/9.15.0/firebase-storage-compat.js"}
http: incoming-request {"content_length":186,"method":"GET","response_time":0.365,"status":404,"timestamp":"2022-12-21T06:15:16.999Z","url":"/__/firebase/9.15.0/firebase-analytics-compat.js"}
http: incoming-request {"content_length":190,"method":"GET","response_time":0.377,"status":404,"timestamp":"2022-12-21T06:15:17.240Z","url":"/__/firebase/9.15.0/firebase-remote-config-compat.js"}
http: incoming-request {"content_length":188,"method":"GET","response_time":0.366,"status":404,"timestamp":"2022-12-21T06:15:17.341Z","url":"/__/firebase/9.15.0/firebase-performance-compat.js"}
http: incoming-request {"content_length":158,"method":"GET","response_time":0.351,"status":404,"timestamp":"2022-12-21T06:15:17.342Z","url":"/__/firebase/init.js?useEmulator=true"}
http: incoming-request {"content_length":180,"method":"GET","response_time":0.705,"status":404,"timestamp":"2022-12-21T06:15:42.011Z","url":"/__/firebase/9.15.0/firebase-app-compat.js"}
http: incoming-request {"content_length":181,"method":"GET","response_time":0.371,"status":404,"timestamp":"2022-12-21T06:15:42.013Z","url":"/__/firebase/9.15.0/firebase-auth-compat.js"}
http: incoming-request {"content_length":185,"method":"GET","response_time":0.374,"status":404,"timestamp":"2022-12-21T06:15:42.014Z","url":"/__/firebase/9.15.0/firebase-database-compat.js"}
http: incoming-request {"content_length":186,"method":"GET","response_time":0.379,"status":404,"timestamp":"2022-12-21T06:15:42.441Z","url":"/__/firebase/9.15.0/firebase-messaging-compat.js"}
http: incoming-request {"content_length":186,"method":"GET","response_time":0.339,"status":404,"timestamp":"2022-12-21T06:15:42.442Z","url":"/__/firebase/9.15.0/firebase-functions-compat.js"}
http: incoming-request {"content_length":186,"method":"GET","response_time":0.34,"status":404,"timestamp":"2022-12-21T06:15:42.444Z","url":"/__/firebase/9.15.0/firebase-firestore-compat.js"}
http: incoming-request {"content_length":184,"method":"GET","response_time":0.649,"status":404,"timestamp":"2022-12-21T06:15:42.700Z","url":"/__/firebase/9.15.0/firebase-storage-compat.js"}
http: incoming-request {"content_length":186,"method":"GET","response_time":1.235,"status":404,"timestamp":"2022-12-21T06:15:42.783Z","url":"/__/firebase/9.15.0/firebase-analytics-compat.js"}
http: incoming-request {"content_length":190,"method":"GET","response_time":19.409,"status":404,"timestamp":"2022-12-21T06:15:42.804Z","url":"/__/firebase/9.15.0/firebase-remote-config-compat.js"}
http: incoming-request {"content_length":188,"method":"GET","response_time":0.499,"status":404,"timestamp":"2022-12-21T06:15:42.807Z","url":"/__/firebase/9.15.0/firebase-performance-compat.js"}
http: incoming-request {"content_length":158,"method":"GET","response_time":0.375,"status":404,"timestamp":"2022-12-21T06:15:43.044Z","url":"/__/firebase/init.js?useEmulator=true"}
http: incoming-request {"content_length":180,"method":"GET","response_time":0.448,"status":404,"timestamp":"2022-12-21T06:15:58.209Z","url":"/__/firebase/9.15.0/firebase-app-compat.js"}
http: incoming-request {"content_length":181,"method":"GET","response_time":0.832,"status":404,"timestamp":"2022-12-21T06:15:58.382Z","url":"/__/firebase/9.15.0/firebase-auth-compat.js"}
http: incoming-request {"content_length":185,"method":"GET","response_time":0.525,"status":404,"timestamp":"2022-12-21T06:15:58.726Z","url":"/__/firebase/9.15.0/firebase-database-compat.js"}
http: incoming-request {"content_length":186,"method":"GET","response_time":0.36,"status":404,"timestamp":"2022-12-21T06:15:58.755Z","url":"/__/firebase/9.15.0/firebase-firestore-compat.js"}
http: incoming-request {"content_length":186,"method":"GET","response_time":0.363,"status":404,"timestamp":"2022-12-21T06:15:58.756Z","url":"/__/firebase/9.15.0/firebase-functions-compat.js"}
http: incoming-request {"content_length":186,"method":"GET","response_time":65.117,"status":404,"timestamp":"2022-12-21T06:15:59.057Z","url":"/__/firebase/9.15.0/firebase-messaging-compat.js"}
http: incoming-request {"content_length":184,"method":"GET","response_time":61.704,"status":404,"timestamp":"2022-12-21T06:15:59.166Z","url":"/__/firebase/9.15.0/firebase-storage-compat.js"}
http: incoming-request {"content_length":186,"method":"GET","response_time":8.91,"status":404,"timestamp":"2022-12-21T06:15:59.177Z","url":"/__/firebase/9.15.0/firebase-analytics-compat.js"}
http: incoming-request {"content_length":190,"method":"GET","response_time":0.374,"status":404,"timestamp":"2022-12-21T06:15:59.182Z","url":"/__/firebase/9.15.0/firebase-remote-config-compat.js"}
http: incoming-request {"content_length":188,"method":"GET","response_time":0.739,"status":404,"timestamp":"2022-12-21T06:15:59.422Z","url":"/__/firebase/9.15.0/firebase-performance-compat.js"}
http: incoming-request {"content_length":158,"method":"GET","response_time":0.357,"status":404,"timestamp":"2022-12-21T06:15:59.562Z","url":"/__/firebase/init.js?useEmulator=true"}
http: incoming-request {"content_length":180,"method":"GET","response_time":0.665,"status":404,"timestamp":"2022-12-21T06:16:37.342Z","url":"/__/firebase/9.15.0/firebase-app-compat.js"}
http: incoming-request {"content_length":181,"method":"GET","response_time":0.655,"status":404,"timestamp":"2022-12-21T06:16:37.575Z","url":"/__/firebase/9.15.0/firebase-auth-compat.js"}
http: incoming-request {"content_length":185,"method":"GET","response_time":0.415,"status":404,"timestamp":"2022-12-21T06:16:37.921Z","url":"/__/firebase/9.15.0/firebase-database-compat.js"}
http: incoming-request {"content_length":186,"method":"GET","response_time":0.357,"status":404,"timestamp":"2022-12-21T06:16:37.925Z","url":"/__/firebase/9.15.0/firebase-firestore-compat.js"}
http: incoming-request {"content_length":186,"method":"GET","response_time":0.392,"status":404,"timestamp":"2022-12-21T06:16:37.941Z","url":"/__/firebase/9.15.0/firebase-functions-compat.js"}
http: incoming-request {"content_length":186,"method":"GET","response_time":0.391,"status":404,"timestamp":"2022-12-21T06:16:38.283Z","url":"/__/firebase/9.15.0/firebase-messaging-compat.js"}
http: incoming-request {"content_length":184,"method":"GET","response_time":0.358,"status":404,"timestamp":"2022-12-21T06:16:38.284Z","url":"/__/firebase/9.15.0/firebase-storage-compat.js"}
http: incoming-request {"content_length":186,"method":"GET","response_time":16.667,"status":404,"timestamp":"2022-12-21T06:16:38.312Z","url":"/__/firebase/9.15.0/firebase-analytics-compat.js"}
http: incoming-request {"content_length":190,"method":"GET","response_time":1.024,"status":404,"timestamp":"2022-12-21T06:16:38.529Z","url":"/__/firebase/9.15.0/firebase-remote-config-compat.js"}
http: incoming-request {"content_length":188,"method":"GET","response_time":0.428,"status":404,"timestamp":"2022-12-21T06:16:38.623Z","url":"/__/firebase/9.15.0/firebase-performance-compat.js"}
http: incoming-request {"content_length":158,"method":"GET","response_time":0.427,"status":404,"timestamp":"2022-12-21T06:16:38.660Z","url":"/__/firebase/init.js?useEmulator=true"}
http: incoming-request {"content_length":"3647","method":"GET","response_time":347.603,"status":200,"timestamp":"2022-12-21T13:40:36.391Z","url":"/api/v1/categories/"}
http: incoming-request {"content_length":"269","method":"POST","response_time":458.112,"status":200,"timestamp":"2022-12-21T13:41:32.474Z","url":"/api/v1/users/login"}
http: incoming-request {"content_length":"601","method":"GET","response_time":263.428,"status":200,"timestamp":"2022-12-21T13:42:01.546Z","url":"/api/v1/categories/639d878a029dbd8b0643f615"}
http: incoming-request {"content_length":"601","method":"GET","response_time":252.236,"status":200,"timestamp":"2022-12-21T13:43:34.655Z","url":"/api/v1/categories/639d878a029dbd8b0643f615"}
http: incoming-request {"content_length":"605","method":"GET","response_time":296.902,"status":200,"timestamp":"2022-12-21T13:48:41.190Z","url":"/api/v1/categories/639d878a029dbd8b0643f615"}
