http: incoming-request {"content_length":"498","method":"GET","response_time":117.775,"status":200,"timestamp":"2022-12-16T04:36:00.713Z","url":"/api/v1/categories/"}
http: incoming-request {"content_length":"1876","method":"GET","response_time":215.813,"status":200,"timestamp":"2022-12-16T04:37:14.185Z","url":"/api/v1/categories/"}
http: incoming-request {"content_length":"1876","method":"GET","response_time":253.127,"status":200,"timestamp":"2022-12-16T04:37:14.812Z","url":"/api/v1/categories/"}
http: incoming-request {"content_length":"48","method":"GET","response_time":5.039,"status":401,"timestamp":"2022-12-16T04:38:39.314Z","url":"/api/v1/categories/639b831412dcac3f5ccdd00a"}
http: incoming-request {"content_length":"258","method":"POST","response_time":556.144,"status":200,"timestamp":"2022-12-16T04:38:58.722Z","url":"/api/v1/users/login"}
http: incoming-request {"content_length":"947","method":"GET","response_time":281.21,"status":200,"timestamp":"2022-12-16T04:39:19.722Z","url":"/api/v1/categories/639b831412dcac3f5ccdd00a"}
http: incoming-request {"content_length":"344","method":"GET","response_time":204.981,"status":200,"timestamp":"2022-12-16T04:39:38.934Z","url":"/api/v1/categories/639b831412dcac3f5ccdd00a"}
http: incoming-request {"content_length":"48","method":"POST","response_time":7.097,"status":401,"timestamp":"2022-12-16T04:40:33.985Z","url":"/api/v1/categories"}
http: incoming-request {"content_length":"260","method":"POST","response_time":364.245,"status":200,"timestamp":"2022-12-16T04:41:57.542Z","url":"/api/v1/users/login"}
http: incoming-request {"content_length":"31","method":"POST","response_time":89.749,"status":401,"timestamp":"2022-12-16T04:42:23.626Z","url":"/api/v1/categories"}
http: incoming-request {"content_length":"256","method":"POST","response_time":340.236,"status":200,"timestamp":"2022-12-16T04:42:36.391Z","url":"/api/v1/users/login"}
http: incoming-request {"content_length":"31","method":"POST","response_time":393.885,"status":401,"timestamp":"2022-12-16T04:42:58.225Z","url":"/api/v1/categories"}
http: incoming-request {"content_length":"258","method":"POST","response_time":316.773,"status":200,"timestamp":"2022-12-16T04:43:06.347Z","url":"/api/v1/users/login"}
http: incoming-request {"content_length":"351","method":"POST","response_time":195.342,"status":201,"timestamp":"2022-12-16T04:43:24.413Z","url":"/api/v1/categories"}
http: incoming-request {"content_length":"48","method":"PUT","response_time":1.497,"status":401,"timestamp":"2022-12-16T04:44:26.097Z","url":"/api/v1/categories/639bf76caec35e4701306027"}
http: incoming-request {"content_length":"359","method":"PUT","response_time":177.798,"status":200,"timestamp":"2022-12-16T04:44:51.054Z","url":"/api/v1/categories/639bf76caec35e4701306027"}
http: incoming-request {"content_length":"48","method":"DELETE","response_time":0.929,"status":401,"timestamp":"2022-12-16T04:45:05.973Z","url":"/api/v1/categories/639bf76caec35e4701306027"}
http: incoming-request {"content_length":"52","method":"DELETE","response_time":176.858,"status":200,"timestamp":"2022-12-16T04:45:20.574Z","url":"/api/v1/categories/639bf76caec35e4701306027"}
http: incoming-request {"content_length":"355","method":"POST","response_time":173.533,"status":201,"timestamp":"2022-12-16T04:45:40.161Z","url":"/api/v1/categories"}
http: incoming-request {"content_length":"52","method":"DELETE","response_time":172.423,"status":200,"timestamp":"2022-12-16T04:46:01.357Z","url":"/api/v1/categories/639bf7f4aec35e470130602e"}
http: incoming-request {"content_length":595,"method":"POST","response_time":114.721,"status":500,"timestamp":"2022-12-16T04:46:12.053Z","url":"/api/v1/categories"}
http: incoming-request {"content_length":"47","method":"POST","response_time":118.038,"status":400,"timestamp":"2022-12-16T04:48:13.000Z","url":"/api/v1/categories"}
http: incoming-request {"content_length":"355","method":"POST","response_time":223.973,"status":201,"timestamp":"2022-12-16T04:48:51.771Z","url":"/api/v1/categories"}
http: incoming-request {"content_length":1026,"method":"POST","response_time":136.999,"status":500,"timestamp":"2022-12-16T05:14:37.784Z","url":"/api/v1/categories"}
http: incoming-request {"content_length":"356","method":"POST","response_time":251.278,"status":201,"timestamp":"2022-12-16T05:17:59.765Z","url":"/api/v1/categories"}
http: incoming-request {"content_length":"52","method":"DELETE","response_time":181.53,"status":200,"timestamp":"2022-12-16T05:18:14.543Z","url":"/api/v1/categories/639bff871d9c802eae941487"}
http: incoming-request {"content_length":"356","method":"POST","response_time":261.201,"status":201,"timestamp":"2022-12-16T05:20:31.150Z","url":"/api/v1/categories"}
http: incoming-request {"content_length":"52","method":"DELETE","response_time":183.549,"status":200,"timestamp":"2022-12-16T05:20:59.947Z","url":"/api/v1/categories/639c001f8d18937b407f327b"}
http: incoming-request {"content_length":"356","method":"POST","response_time":236.286,"status":201,"timestamp":"2022-12-16T05:21:23.091Z","url":"/api/v1/categories"}
http: incoming-request {"content_length":"367","method":"PUT","response_time":216.263,"status":200,"timestamp":"2022-12-16T05:24:11.456Z","url":"/api/v1/categories/639c0052f07330d4a5fb69cf"}
